#
# A fatal error has been detected by the Java Runtime Environment:
#
#  EXCEPTION_ACCESS_VIOLATION (0xc0000005) at pc=0x00007ffacb32c1c4, pid=8356, tid=18284
#
# JRE version: OpenJDK Runtime Environment Corretto-16.0.2.7.1 (16.0.2+7) (build 16.0.2+7)
# Java VM: OpenJDK 64-Bit Server VM Corretto-16.0.2.7.1 (16.0.2+7, mixed mode, sharing, tiered, compressed oops, compressed class ptrs, g1 gc, windows-amd64)
# Problematic frame:
# C  [cyjagent.dll+0xc1c4]
#
# No core dump will be written. Minidumps are not enabled by default on client versions of Windows
#
# If you would like to submit a bug report, please visit:
#   https://github.com/corretto/corretto-jdk/issues/
# The crash happened outside the Java Virtual Machine in native code.
# See problematic frame for where to report the bug.
#

---------------  S U M M A R Y ------------

Command Line: -javaagent:C:\Program Files\JetBrains\IntelliJ IDEA Community Edition 2023.2.4\lib\idea_rt.jar=55454:C:\Program Files\JetBrains\IntelliJ IDEA Community Edition 2023.2.4\bin -Dfile.encoding=UTF-8 -agentpath:C:\Program Files\Palo Alto Networks\Traps\cyjagent.dll Main

Host: 11th Gen Intel(R) Core(TM) i7-11850H @ 2.50GHz, 16 cores, 31G,  Windows 10 , 64 bit Build 22621 (10.0.22621.3235)
Time: Fri Aug 16 11:32:13 2024 Pacific Daylight Time elapsed time: 0.178598 seconds (0d 0h 0m 0s)

---------------  T H R E A D  ---------------

Current thread (0x00000192d2c6a120):  JavaThread "Monitor Ctrl-Break" daemon [_thread_in_native, id=18284, stack(0x0000005068d00000,0x0000005068e00000)]

Stack: [0x0000005068d00000,0x0000005068e00000],  sp=0x0000005068dfdd60,  free space=1015k
Native frames: (J=compiled Java code, j=interpreted, Vv=VM code, C=native code)
C  [cyjagent.dll+0xc1c4]

Java frames: (J=compiled Java code, j=interpreted, Vv=VM code)
j  sun.nio.ch.NioSocketImpl.beginConnect(Ljava/net/InetAddress;I)Ljava/io/FileDescriptor;+117 java.base@16.0.2
j  sun.nio.ch.NioSocketImpl.connect(Ljava/net/SocketAddress;I)V+86 java.base@16.0.2
j  java.net.SocksSocketImpl.connect(Ljava/net/SocketAddress;I)V+411 java.base@16.0.2
j  java.net.Socket.connect(Ljava/net/SocketAddress;I)V+165 java.base@16.0.2
j  java.net.Socket.connect(Ljava/net/SocketAddress;)V+3 java.base@16.0.2
j  java.net.Socket.<init>(Ljava/net/SocketAddress;Ljava/net/SocketAddress;Z)V+77 java.base@16.0.2
j  java.net.Socket.<init>(Ljava/lang/String;I)V+34 java.base@16.0.2
j  com.intellij.rt.execution.application.AppMainV2$1.run()V+10
v  ~StubRoutines::call_stub

siginfo: EXCEPTION_ACCESS_VIOLATION (0xc0000005), reading address 0x0000000000000000


Register to memory mapping:

RIP=0x00007ffacb32c1c4 cyjagent.dll
RAX=0x0 is NULL
RBX=0x00000192d2c6a430 points into unknown readable memory: 0x00007ffa4a3d9050 | 50 90 3d 4a fa 7f 00 00
RCX=0x0 is NULL
RDX=0x00000192a48c4d80 points into unknown readable memory: 0x00000192d2c6a120 | 20 a1 c6 d2 92 01 00 00
RSP=0x0000005068dfdd60 is pointing into the stack for thread: 0x00000192d2c6a120
RBP=0x00000192a41df8d0 points into unknown readable memory: 0x00000192a4139f40 | 40 9f 13 a4 92 01 00 00
RSI=0x0 is NULL
RDI=0x00000192d24cb260 points into unknown readable memory: 0x2f74656e2f6e7573 | 73 75 6e 2f 6e 65 74 2f
R8 =0x0000005068dfdbd8 is pointing into the stack for thread: 0x00000192d2c6a120
R9 =0x0 is NULL
R10=0x0 is NULL
R11=0x0000000000000246 is an unknown value
R12=0x0 is NULL
R13=0x00000192d2c3d560 points into unknown readable memory: 0x0000000000000002 | 02 00 00 00 00 00 00 00
R14=0x0000005068dfdf50 is pointing into the stack for thread: 0x00000192d2c6a120
R15=0x0 is NULL


Registers:
RAX=0x0000000000000000, RBX=0x00000192d2c6a430, RCX=0x0000000000000000, RDX=0x00000192a48c4d80
RSP=0x0000005068dfdd60, RBP=0x00000192a41df8d0, RSI=0x0000000000000000, RDI=0x00000192d24cb260
R8 =0x0000005068dfdbd8, R9 =0x0000000000000000, R10=0x0000000000000000, R11=0x0000000000000246
R12=0x0000000000000000, R13=0x00000192d2c3d560, R14=0x0000005068dfdf50, R15=0x0000000000000000
RIP=0x00007ffacb32c1c4, EFLAGS=0x0000000000010202

Top of Stack: (sp=0x0000005068dfdd60)
0x0000005068dfdd60:   00000192d2c6a430 00000192d24cb260
0x0000005068dfdd70:   00000192d30cd740 00007ffa49d031b7
0x0000005068dfdd80:   0000000000000000 0000000000000000
0x0000005068dfdd90:   00000192d24332d8 00000192a41df8d0
0x0000005068dfdda0:   0000000000000010 00000192d2bbf0e0
0x0000005068dfddb0:   00000192a48c3530 0000000000000000
0x0000005068dfddc0:   0000000000000000 00007ffa49e1363a
0x0000005068dfddd0:   00000192a48c3530 00000192d2c6a120
0x0000005068dfdde0:   00000192d24cb260 00007ffa49f2a213
0x0000005068dfddf0:   00000192d24cb260 0000000000000000
0x0000005068dfde00:   0000019200000286 00000192d24cafa0
0x0000005068dfde10:   0000005068dfdef8 0000005068dfde28
0x0000005068dfde20:   0000019200000000 0000000000000000
0x0000005068dfde30:   00000192d2c3d560 00000192d24caf50
0x0000005068dfde40:   00000192d24cb280 00000192d24cb338
0x0000005068dfde50:   00000000000003d8 00000192d2c6a120 

Instructions: (pc=0x00007ffacb32c1c4)
0x00007ffacb32c0c4:   00 00 03 72 2d 44 8b ce 48 8d 05 3d e0 01 00 ba
0x00007ffacb32c0d4:   2f 00 00 00 4e 8b 0c c8 48 8b 89 b0 02 00 00 4c
0x00007ffacb32c0e4:   8d 05 56 df 01 00 e8 51 50 ff ff 48 8b 0d ea 38
0x00007ffacb32c0f4:   02 00 48 3b cb 74 68 f6 81 bc 02 00 00 10 74 5f
0x00007ffacb32c104:   80 b9 b9 02 00 00 02 72 56 4c 8b 8c 24 90 00 00
0x00007ffacb32c114:   00 4c 8d 05 24 df 01 00 48 8b 89 b0 02 00 00 ba
0x00007ffacb32c124:   31 00 00 00 e8 13 50 ff ff eb 34 49 8b 0f 4c 8b
0x00007ffacb32c134:   c3 48 8b d6 e8 d3 63 00 00 48 8b 84 24 b0 00 00
0x00007ffacb32c144:   00 89 18 48 8b 0d 6a 4c 02 00 4c 8b c6 33 d2 ff
0x00007ffacb32c154:   15 97 50 01 00 eb 08 a8 02 75 04 c6 47 40 01 b8
0x00007ffacb32c164:   ff ff ff ff f0 0f c1 47 10 4c 8b b4 24 88 00 00
0x00007ffacb32c174:   00 83 f8 01 75 42 48 8b 4f 18 48 81 c1 70 01 00
0x00007ffacb32c184:   00 ff 15 1d 51 01 00 48 8b 0f 48 8b 47 08 48 89
0x00007ffacb32c194:   08 48 89 41 08 48 8b 4f 18 48 81 c1 70 01 00 00
0x00007ffacb32c1a4:   ff 15 06 51 01 00 48 8b 0d 07 4c 02 00 4c 8b c7
0x00007ffacb32c1b4:   33 d2 ff 15 34 50 01 00 48 8b 4d 20 48 8b 55 10
0x00007ffacb32c1c4:   48 8b 01 48 8b 80 08 01 00 00 ff 15 0c 51 01 00
0x00007ffacb32c1d4:   85 c0 74 40 48 8b 0d 01 38 02 00 48 8d 15 fa 37
0x00007ffacb32c1e4:   02 00 48 3b ca 74 2d f6 81 bc 02 00 00 10 74 24
0x00007ffacb32c1f4:   80 b9 b9 02 00 00 03 72 1b 48 8b 89 b0 02 00 00
0x00007ffacb32c204:   4c 8d 05 35 de 01 00 ba 15 00 00 00 44 8b c8 e8
0x00007ffacb32c214:   68 4e ff ff 48 8b 6c 24 78 48 8b b4 24 80 00 00
0x00007ffacb32c224:   00 48 83 c4 50 41 5f 5f 5b c3 cc cc 40 57 48 83
0x00007ffacb32c234:   ec 30 f6 81 78 01 00 00 04 48 8b f9 0f 85 87 02
0x00007ffacb32c244:   00 00 48 89 5c 24 40 45 33 c9 48 89 6c 24 48 33
0x00007ffacb32c254:   d2 48 89 74 24 50 48 8b 71 20 45 8d 41 32 48 8b
0x00007ffacb32c264:   ce 48 8b 06 48 8b 40 08 ff 15 6e 50 01 00 48 8d
0x00007ffacb32c274:   2d 67 37 02 00 85 c0 74 37 48 8b 0d 5c 37 02 00
0x00007ffacb32c284:   48 3b cd 74 2b f6 81 bc 02 00 00 10 74 22 80 b9
0x00007ffacb32c294:   b9 02 00 00 02 72 19 48 8b 89 b0 02 00 00 ba 11
0x00007ffacb32c2a4:   00 00 00 89 44 24 20 44 8d 4a 21 e8 7c dc ff ff
0x00007ffacb32c2b4:   48 8b 06 45 33 c9 33 d2 48 8b ce 48 8b 40 08 45 


Stack slot to memory mapping:
stack at sp + 0 slots: 0x00000192d2c6a430 points into unknown readable memory: 0x00007ffa4a3d9050 | 50 90 3d 4a fa 7f 00 00
stack at sp + 1 slots: 0x00000192d24cb260 points into unknown readable memory: 0x2f74656e2f6e7573 | 73 75 6e 2f 6e 65 74 2f
stack at sp + 2 slots: {method} {0x00000192d30cd748} 'run' '()Ljava/lang/Object;' in 'sun/net/spi/DefaultProxySelector$3'
stack at sp + 3 slots: 0x00007ffa49d031b7 jvm.dll
stack at sp + 4 slots: 0x0 is NULL
stack at sp + 5 slots: 0x0 is NULL
stack at sp + 6 slots: 0x00000192d24332d8 points into unknown readable memory: 0x75730010f051ffff | ff ff 51 f0 10 00 73 75
stack at sp + 7 slots: 0x00000192a41df8d0 points into unknown readable memory: 0x00000192a4139f40 | 40 9f 13 a4 92 01 00 00


---------------  P R O C E S S  ---------------

Threads class SMR info:
_java_thread_list=0x00000192d2cf59b0, length=15, elements={
0x00000192d24b3a40, 0x00000192d24b7a70, 0x00000192d2aa56a0, 0x00000192d2aa80b0,
0x00000192d2aa8ab0, 0x00000192d2aa96c0, 0x00000192d2ab48d0, 0x00000192d2aba9f0,
0x00000192d2abe930, 0x00000192d2bbbfb0, 0x00000192d2bc2520, 0x00000192d2bc6260,
0x00000192d2bc6c80, 0x00000192d2c6a120, 0x00000192d2c91c00
}

Java Threads: ( => current thread )
  0x00000192d24b3a40 JavaThread "Reference Handler" daemon [_thread_blocked, id=17132, stack(0x0000005068000000,0x0000005068100000)]
  0x00000192d24b7a70 JavaThread "Finalizer" daemon [_thread_blocked, id=272, stack(0x0000005068100000,0x0000005068200000)]
  0x00000192d2aa56a0 JavaThread "Signal Dispatcher" daemon [_thread_blocked, id=10404, stack(0x0000005068200000,0x0000005068300000)]
  0x00000192d2aa80b0 JavaThread "Attach Listener" daemon [_thread_blocked, id=1240, stack(0x0000005068300000,0x0000005068400000)]
  0x00000192d2aa8ab0 JavaThread "Service Thread" daemon [_thread_blocked, id=7476, stack(0x0000005068400000,0x0000005068500000)]
  0x00000192d2aa96c0 JavaThread "Monitor Deflation Thread" daemon [_thread_blocked, id=11872, stack(0x0000005068500000,0x0000005068600000)]
  0x00000192d2ab48d0 JavaThread "C2 CompilerThread0" daemon [_thread_blocked, id=13164, stack(0x0000005068600000,0x0000005068700000)]
  0x00000192d2aba9f0 JavaThread "C1 CompilerThread0" daemon [_thread_blocked, id=7068, stack(0x0000005068700000,0x0000005068800000)]
  0x00000192d2abe930 JavaThread "Sweeper thread" daemon [_thread_blocked, id=13328, stack(0x0000005068800000,0x0000005068900000)]
  0x00000192d2bbbfb0 JavaThread "Common-Cleaner" daemon [_thread_blocked, id=14408, stack(0x0000005068900000,0x0000005068a00000)]
  0x00000192d2bc2520 JavaThread "C1 CompilerThread1" daemon [_thread_blocked, id=11492, stack(0x0000005068a00000,0x0000005068b00000)]
  0x00000192d2bc6260 JavaThread "C1 CompilerThread2" daemon [_thread_blocked, id=16920, stack(0x0000005068b00000,0x0000005068c00000)]
  0x00000192d2bc6c80 JavaThread "C1 CompilerThread3" daemon [_thread_blocked, id=7748, stack(0x0000005068c00000,0x0000005068d00000)]
=>0x00000192d2c6a120 JavaThread "Monitor Ctrl-Break" daemon [_thread_in_native, id=18284, stack(0x0000005068d00000,0x0000005068e00000)]
  0x00000192d2c91c00 JavaThread "Notification Thread" daemon [_thread_blocked, id=16460, stack(0x0000005068e00000,0x0000005068f00000)]

Other Threads:
  0x00000192d24b0f60 VMThread "VM Thread" [stack: 0x0000005067f00000,0x0000005068000000] [id=13172] _threads_hazard_ptr=0x00000192d2cf59b0
  0x00000192a49478d0 GCTaskThread "GC Thread#0" [stack: 0x0000005067a00000,0x0000005067b00000] [id=14984]
  0x00000192a49586e0 ConcurrentGCThread "G1 Main Marker" terminated
  0x00000192a495a160 ConcurrentGCThread "G1 Conc#0" [stack: 0x0000005067c00000,0x0000005067d00000] [id=18056]
  0x00000192a497e590 ConcurrentGCThread "G1 Refine#0" terminated
  0x00000192d23d91b0 ConcurrentGCThread "G1 Service" terminated

Threads with active compile tasks:

VM state: at safepoint (normal execution)

VM Mutex/Monitor currently owned by a thread:  ([mutex/lock_event])
[0x00000192a48d1400] Threads_lock - owner thread: 0x00000192d24b0f60
[0x00000192a48d1370] Heap_lock - owner thread: 0x00000192a48c3ec0

Heap address: 0x0000000604400000, size: 8124 MB, Compressed Oops mode: Zero based, Oop shift amount: 3

CDS archive(s) mapped at: [0x0000000800000000-0x0000000800be0000-0x0000000800be0000), size 12451840, SharedBaseAddress: 0x0000000800000000, ArchiveRelocationMode: 0.
Compressed class space mapped at: 0x0000000800c00000-0x0000000840c00000, reserved size: 1073741824
Narrow klass base: 0x0000000800000000, Narrow klass shift: 3, Narrow klass range: 0x100000000

GC Precious Log:
 CPUs: 16 total, 16 available
 Memory: 32491M
 Large Page Support: Disabled
 NUMA Support: Disabled
 Compressed Oops: Enabled (Zero based)
 Heap Region Size: 4M
 Heap Min Capacity: 8M
 Heap Initial Capacity: 508M
 Heap Max Capacity: 8124M
 Pre-touch: Disabled
 Parallel Workers: 13
 Concurrent Workers: 3
 Concurrent Refinement Workers: 13
 Periodic GC: Disabled

Heap:
 garbage-first heap   total 520192K, used 4096K [0x0000000604400000, 0x0000000800000000)
  region size 4096K, 2 young (8192K), 0 survivors (0K)
 Metaspace       used 920K, committed 1024K, reserved 1056768K
  class space    used 58K, committed 128K, reserved 1048576K

Heap Regions: E=young(eden), S=young(survivor), O=old, HS=humongous(starts), HC=humongous(continues), CS=collection set, F=free, OA=open archive, CA=closed archive, TAMS=top-at-mark-start (previous, next)
|   0|0x0000000604400000, 0x0000000604400000, 0x0000000604800000|  0%| F|  |TAMS 0x0000000604400000, 0x0000000604400000| Untracked 
|   1|0x0000000604800000, 0x0000000604800000, 0x0000000604c00000|  0%| F|  |TAMS 0x0000000604800000, 0x0000000604800000| Untracked 
|   2|0x0000000604c00000, 0x0000000604c00000, 0x0000000605000000|  0%| F|  |TAMS 0x0000000604c00000, 0x0000000604c00000| Untracked 
|   3|0x0000000605000000, 0x0000000605000000, 0x0000000605400000|  0%| F|  |TAMS 0x0000000605000000, 0x0000000605000000| Untracked 
|   4|0x0000000605400000, 0x0000000605400000, 0x0000000605800000|  0%| F|  |TAMS 0x0000000605400000, 0x0000000605400000| Untracked 
|   5|0x0000000605800000, 0x0000000605800000, 0x0000000605c00000|  0%| F|  |TAMS 0x0000000605800000, 0x0000000605800000| Untracked 
|   6|0x0000000605c00000, 0x0000000605c00000, 0x0000000606000000|  0%| F|  |TAMS 0x0000000605c00000, 0x0000000605c00000| Untracked 
|   7|0x0000000606000000, 0x0000000606000000, 0x0000000606400000|  0%| F|  |TAMS 0x0000000606000000, 0x0000000606000000| Untracked 
|   8|0x0000000606400000, 0x0000000606400000, 0x0000000606800000|  0%| F|  |TAMS 0x0000000606400000, 0x0000000606400000| Untracked 
|   9|0x0000000606800000, 0x0000000606800000, 0x0000000606c00000|  0%| F|  |TAMS 0x0000000606800000, 0x0000000606800000| Untracked 
|  10|0x0000000606c00000, 0x0000000606c00000, 0x0000000607000000|  0%| F|  |TAMS 0x0000000606c00000, 0x0000000606c00000| Untracked 
|  11|0x0000000607000000, 0x0000000607000000, 0x0000000607400000|  0%| F|  |TAMS 0x0000000607000000, 0x0000000607000000| Untracked 
|  12|0x0000000607400000, 0x0000000607400000, 0x0000000607800000|  0%| F|  |TAMS 0x0000000607400000, 0x0000000607400000| Untracked 
|  13|0x0000000607800000, 0x0000000607800000, 0x0000000607c00000|  0%| F|  |TAMS 0x0000000607800000, 0x0000000607800000| Untracked 
|  14|0x0000000607c00000, 0x0000000607c00000, 0x0000000608000000|  0%| F|  |TAMS 0x0000000607c00000, 0x0000000607c00000| Untracked 
|  15|0x0000000608000000, 0x0000000608000000, 0x0000000608400000|  0%| F|  |TAMS 0x0000000608000000, 0x0000000608000000| Untracked 
|  16|0x0000000608400000, 0x0000000608400000, 0x0000000608800000|  0%| F|  |TAMS 0x0000000608400000, 0x0000000608400000| Untracked 
|  17|0x0000000608800000, 0x0000000608800000, 0x0000000608c00000|  0%| F|  |TAMS 0x0000000608800000, 0x0000000608800000| Untracked 
|  18|0x0000000608c00000, 0x0000000608c00000, 0x0000000609000000|  0%| F|  |TAMS 0x0000000608c00000, 0x0000000608c00000| Untracked 
|  19|0x0000000609000000, 0x0000000609000000, 0x0000000609400000|  0%| F|  |TAMS 0x0000000609000000, 0x0000000609000000| Untracked 
|  20|0x0000000609400000, 0x0000000609400000, 0x0000000609800000|  0%| F|  |TAMS 0x0000000609400000, 0x0000000609400000| Untracked 
|  21|0x0000000609800000, 0x0000000609800000, 0x0000000609c00000|  0%| F|  |TAMS 0x0000000609800000, 0x0000000609800000| Untracked 
|  22|0x0000000609c00000, 0x0000000609c00000, 0x000000060a000000|  0%| F|  |TAMS 0x0000000609c00000, 0x0000000609c00000| Untracked 
|  23|0x000000060a000000, 0x000000060a000000, 0x000000060a400000|  0%| F|  |TAMS 0x000000060a000000, 0x000000060a000000| Untracked 
|  24|0x000000060a400000, 0x000000060a400000, 0x000000060a800000|  0%| F|  |TAMS 0x000000060a400000, 0x000000060a400000| Untracked 
|  25|0x000000060a800000, 0x000000060a800000, 0x000000060ac00000|  0%| F|  |TAMS 0x000000060a800000, 0x000000060a800000| Untracked 
|  26|0x000000060ac00000, 0x000000060ac00000, 0x000000060b000000|  0%| F|  |TAMS 0x000000060ac00000, 0x000000060ac00000| Untracked 
|  27|0x000000060b000000, 0x000000060b000000, 0x000000060b400000|  0%| F|  |TAMS 0x000000060b000000, 0x000000060b000000| Untracked 
|  28|0x000000060b400000, 0x000000060b400000, 0x000000060b800000|  0%| F|  |TAMS 0x000000060b400000, 0x000000060b400000| Untracked 
|  29|0x000000060b800000, 0x000000060b800000, 0x000000060bc00000|  0%| F|  |TAMS 0x000000060b800000, 0x000000060b800000| Untracked 
|  30|0x000000060bc00000, 0x000000060bc00000, 0x000000060c000000|  0%| F|  |TAMS 0x000000060bc00000, 0x000000060bc00000| Untracked 
|  31|0x000000060c000000, 0x000000060c000000, 0x000000060c400000|  0%| F|  |TAMS 0x000000060c000000, 0x000000060c000000| Untracked 
|  32|0x000000060c400000, 0x000000060c400000, 0x000000060c800000|  0%| F|  |TAMS 0x000000060c400000, 0x000000060c400000| Untracked 
|  33|0x000000060c800000, 0x000000060c800000, 0x000000060cc00000|  0%| F|  |TAMS 0x000000060c800000, 0x000000060c800000| Untracked 
|  34|0x000000060cc00000, 0x000000060cc00000, 0x000000060d000000|  0%| F|  |TAMS 0x000000060cc00000, 0x000000060cc00000| Untracked 
|  35|0x000000060d000000, 0x000000060d000000, 0x000000060d400000|  0%| F|  |TAMS 0x000000060d000000, 0x000000060d000000| Untracked 
|  36|0x000000060d400000, 0x000000060d400000, 0x000000060d800000|  0%| F|  |TAMS 0x000000060d400000, 0x000000060d400000| Untracked 
|  37|0x000000060d800000, 0x000000060d800000, 0x000000060dc00000|  0%| F|  |TAMS 0x000000060d800000, 0x000000060d800000| Untracked 
|  38|0x000000060dc00000, 0x000000060dc00000, 0x000000060e000000|  0%| F|  |TAMS 0x000000060dc00000, 0x000000060dc00000| Untracked 
|  39|0x000000060e000000, 0x000000060e000000, 0x000000060e400000|  0%| F|  |TAMS 0x000000060e000000, 0x000000060e000000| Untracked 
|  40|0x000000060e400000, 0x000000060e400000, 0x000000060e800000|  0%| F|  |TAMS 0x000000060e400000, 0x000000060e400000| Untracked 
|  41|0x000000060e800000, 0x000000060e800000, 0x000000060ec00000|  0%| F|  |TAMS 0x000000060e800000, 0x000000060e800000| Untracked 
|  42|0x000000060ec00000, 0x000000060ec00000, 0x000000060f000000|  0%| F|  |TAMS 0x000000060ec00000, 0x000000060ec00000| Untracked 
|  43|0x000000060f000000, 0x000000060f000000, 0x000000060f400000|  0%| F|  |TAMS 0x000000060f000000, 0x000000060f000000| Untracked 
|  44|0x000000060f400000, 0x000000060f400000, 0x000000060f800000|  0%| F|  |TAMS 0x000000060f400000, 0x000000060f400000| Untracked 
|  45|0x000000060f800000, 0x000000060f800000, 0x000000060fc00000|  0%| F|  |TAMS 0x000000060f800000, 0x000000060f800000| Untracked 
|  46|0x000000060fc00000, 0x000000060fc00000, 0x0000000610000000|  0%| F|  |TAMS 0x000000060fc00000, 0x000000060fc00000| Untracked 
|  47|0x0000000610000000, 0x0000000610000000, 0x0000000610400000|  0%| F|  |TAMS 0x0000000610000000, 0x0000000610000000| Untracked 
|  48|0x0000000610400000, 0x0000000610400000, 0x0000000610800000|  0%| F|  |TAMS 0x0000000610400000, 0x0000000610400000| Untracked 
|  49|0x0000000610800000, 0x0000000610800000, 0x0000000610c00000|  0%| F|  |TAMS 0x0000000610800000, 0x0000000610800000| Untracked 
|  50|0x0000000610c00000, 0x0000000610c00000, 0x0000000611000000|  0%| F|  |TAMS 0x0000000610c00000, 0x0000000610c00000| Untracked 
|  51|0x0000000611000000, 0x0000000611000000, 0x0000000611400000|  0%| F|  |TAMS 0x0000000611000000, 0x0000000611000000| Untracked 
|  52|0x0000000611400000, 0x0000000611400000, 0x0000000611800000|  0%| F|  |TAMS 0x0000000611400000, 0x0000000611400000| Untracked 
|  53|0x0000000611800000, 0x0000000611800000, 0x0000000611c00000|  0%| F|  |TAMS 0x0000000611800000, 0x0000000611800000| Untracked 
|  54|0x0000000611c00000, 0x0000000611c00000, 0x0000000612000000|  0%| F|  |TAMS 0x0000000611c00000, 0x0000000611c00000| Untracked 
|  55|0x0000000612000000, 0x0000000612000000, 0x0000000612400000|  0%| F|  |TAMS 0x0000000612000000, 0x0000000612000000| Untracked 
|  56|0x0000000612400000, 0x0000000612400000, 0x0000000612800000|  0%| F|  |TAMS 0x0000000612400000, 0x0000000612400000| Untracked 
|  57|0x0000000612800000, 0x0000000612800000, 0x0000000612c00000|  0%| F|  |TAMS 0x0000000612800000, 0x0000000612800000| Untracked 
|  58|0x0000000612c00000, 0x0000000612c00000, 0x0000000613000000|  0%| F|  |TAMS 0x0000000612c00000, 0x0000000612c00000| Untracked 
|  59|0x0000000613000000, 0x0000000613000000, 0x0000000613400000|  0%| F|  |TAMS 0x0000000613000000, 0x0000000613000000| Untracked 
|  60|0x0000000613400000, 0x0000000613400000, 0x0000000613800000|  0%| F|  |TAMS 0x0000000613400000, 0x0000000613400000| Untracked 
|  61|0x0000000613800000, 0x0000000613800000, 0x0000000613c00000|  0%| F|  |TAMS 0x0000000613800000, 0x0000000613800000| Untracked 
|  62|0x0000000613c00000, 0x0000000613c00000, 0x0000000614000000|  0%| F|  |TAMS 0x0000000613c00000, 0x0000000613c00000| Untracked 
|  63|0x0000000614000000, 0x0000000614000000, 0x0000000614400000|  0%| F|  |TAMS 0x0000000614000000, 0x0000000614000000| Untracked 
|  64|0x0000000614400000, 0x0000000614400000, 0x0000000614800000|  0%| F|  |TAMS 0x0000000614400000, 0x0000000614400000| Untracked 
|  65|0x0000000614800000, 0x0000000614800000, 0x0000000614c00000|  0%| F|  |TAMS 0x0000000614800000, 0x0000000614800000| Untracked 
|  66|0x0000000614c00000, 0x0000000614c00000, 0x0000000615000000|  0%| F|  |TAMS 0x0000000614c00000, 0x0000000614c00000| Untracked 
|  67|0x0000000615000000, 0x0000000615000000, 0x0000000615400000|  0%| F|  |TAMS 0x0000000615000000, 0x0000000615000000| Untracked 
|  68|0x0000000615400000, 0x0000000615400000, 0x0000000615800000|  0%| F|  |TAMS 0x0000000615400000, 0x0000000615400000| Untracked 
|  69|0x0000000615800000, 0x0000000615800000, 0x0000000615c00000|  0%| F|  |TAMS 0x0000000615800000, 0x0000000615800000| Untracked 
|  70|0x0000000615c00000, 0x0000000615c00000, 0x0000000616000000|  0%| F|  |TAMS 0x0000000615c00000, 0x0000000615c00000| Untracked 
|  71|0x0000000616000000, 0x0000000616000000, 0x0000000616400000|  0%| F|  |TAMS 0x0000000616000000, 0x0000000616000000| Untracked 
|  72|0x0000000616400000, 0x0000000616400000, 0x0000000616800000|  0%| F|  |TAMS 0x0000000616400000, 0x0000000616400000| Untracked 
|  73|0x0000000616800000, 0x0000000616800000, 0x0000000616c00000|  0%| F|  |TAMS 0x0000000616800000, 0x0000000616800000| Untracked 
|  74|0x0000000616c00000, 0x0000000616c00000, 0x0000000617000000|  0%| F|  |TAMS 0x0000000616c00000, 0x0000000616c00000| Untracked 
|  75|0x0000000617000000, 0x0000000617000000, 0x0000000617400000|  0%| F|  |TAMS 0x0000000617000000, 0x0000000617000000| Untracked 
|  76|0x0000000617400000, 0x0000000617400000, 0x0000000617800000|  0%| F|  |TAMS 0x0000000617400000, 0x0000000617400000| Untracked 
|  77|0x0000000617800000, 0x0000000617800000, 0x0000000617c00000|  0%| F|  |TAMS 0x0000000617800000, 0x0000000617800000| Untracked 
|  78|0x0000000617c00000, 0x0000000617c00000, 0x0000000618000000|  0%| F|  |TAMS 0x0000000617c00000, 0x0000000617c00000| Untracked 
|  79|0x0000000618000000, 0x0000000618000000, 0x0000000618400000|  0%| F|  |TAMS 0x0000000618000000, 0x0000000618000000| Untracked 
|  80|0x0000000618400000, 0x0000000618400000, 0x0000000618800000|  0%| F|  |TAMS 0x0000000618400000, 0x0000000618400000| Untracked 
|  81|0x0000000618800000, 0x0000000618800000, 0x0000000618c00000|  0%| F|  |TAMS 0x0000000618800000, 0x0000000618800000| Untracked 
|  82|0x0000000618c00000, 0x0000000618c00000, 0x0000000619000000|  0%| F|  |TAMS 0x0000000618c00000, 0x0000000618c00000| Untracked 
|  83|0x0000000619000000, 0x0000000619000000, 0x0000000619400000|  0%| F|  |TAMS 0x0000000619000000, 0x0000000619000000| Untracked 
|  84|0x0000000619400000, 0x0000000619400000, 0x0000000619800000|  0%| F|  |TAMS 0x0000000619400000, 0x0000000619400000| Untracked 
|  85|0x0000000619800000, 0x0000000619800000, 0x0000000619c00000|  0%| F|  |TAMS 0x0000000619800000, 0x0000000619800000| Untracked 
|  86|0x0000000619c00000, 0x0000000619c00000, 0x000000061a000000|  0%| F|  |TAMS 0x0000000619c00000, 0x0000000619c00000| Untracked 
|  87|0x000000061a000000, 0x000000061a000000, 0x000000061a400000|  0%| F|  |TAMS 0x000000061a000000, 0x000000061a000000| Untracked 
|  88|0x000000061a400000, 0x000000061a400000, 0x000000061a800000|  0%| F|  |TAMS 0x000000061a400000, 0x000000061a400000| Untracked 
|  89|0x000000061a800000, 0x000000061a800000, 0x000000061ac00000|  0%| F|  |TAMS 0x000000061a800000, 0x000000061a800000| Untracked 
|  90|0x000000061ac00000, 0x000000061ac00000, 0x000000061b000000|  0%| F|  |TAMS 0x000000061ac00000, 0x000000061ac00000| Untracked 
|  91|0x000000061b000000, 0x000000061b000000, 0x000000061b400000|  0%| F|  |TAMS 0x000000061b000000, 0x000000061b000000| Untracked 
|  92|0x000000061b400000, 0x000000061b400000, 0x000000061b800000|  0%| F|  |TAMS 0x000000061b400000, 0x000000061b400000| Untracked 
|  93|0x000000061b800000, 0x000000061b800000, 0x000000061bc00000|  0%| F|  |TAMS 0x000000061b800000, 0x000000061b800000| Untracked 
|  94|0x000000061bc00000, 0x000000061bc00000, 0x000000061c000000|  0%| F|  |TAMS 0x000000061bc00000, 0x000000061bc00000| Untracked 
|  95|0x000000061c000000, 0x000000061c000000, 0x000000061c400000|  0%| F|  |TAMS 0x000000061c000000, 0x000000061c000000| Untracked 
|  96|0x000000061c400000, 0x000000061c400000, 0x000000061c800000|  0%| F|  |TAMS 0x000000061c400000, 0x000000061c400000| Untracked 
|  97|0x000000061c800000, 0x000000061c800000, 0x000000061cc00000|  0%| F|  |TAMS 0x000000061c800000, 0x000000061c800000| Untracked 
|  98|0x000000061cc00000, 0x000000061cc00000, 0x000000061d000000|  0%| F|  |TAMS 0x000000061cc00000, 0x000000061cc00000| Untracked 
|  99|0x000000061d000000, 0x000000061d000000, 0x000000061d400000|  0%| F|  |TAMS 0x000000061d000000, 0x000000061d000000| Untracked 
| 100|0x000000061d400000, 0x000000061d400000, 0x000000061d800000|  0%| F|  |TAMS 0x000000061d400000, 0x000000061d400000| Untracked 
| 101|0x000000061d800000, 0x000000061d800000, 0x000000061dc00000|  0%| F|  |TAMS 0x000000061d800000, 0x000000061d800000| Untracked 
| 102|0x000000061dc00000, 0x000000061dc00000, 0x000000061e000000|  0%| F|  |TAMS 0x000000061dc00000, 0x000000061dc00000| Untracked 
| 103|0x000000061e000000, 0x000000061e000000, 0x000000061e400000|  0%| F|  |TAMS 0x000000061e000000, 0x000000061e000000| Untracked 
| 104|0x000000061e400000, 0x000000061e400000, 0x000000061e800000|  0%| F|  |TAMS 0x000000061e400000, 0x000000061e400000| Untracked 
| 105|0x000000061e800000, 0x000000061e800000, 0x000000061ec00000|  0%| F|  |TAMS 0x000000061e800000, 0x000000061e800000| Untracked 
| 106|0x000000061ec00000, 0x000000061ec00000, 0x000000061f000000|  0%| F|  |TAMS 0x000000061ec00000, 0x000000061ec00000| Untracked 
| 107|0x000000061f000000, 0x000000061f000000, 0x000000061f400000|  0%| F|  |TAMS 0x000000061f000000, 0x000000061f000000| Untracked 
| 108|0x000000061f400000, 0x000000061f400000, 0x000000061f800000|  0%| F|  |TAMS 0x000000061f400000, 0x000000061f400000| Untracked 
| 109|0x000000061f800000, 0x000000061f800000, 0x000000061fc00000|  0%| F|  |TAMS 0x000000061f800000, 0x000000061f800000| Untracked 
| 110|0x000000061fc00000, 0x000000061fc00000, 0x0000000620000000|  0%| F|  |TAMS 0x000000061fc00000, 0x000000061fc00000| Untracked 
| 111|0x0000000620000000, 0x0000000620000000, 0x0000000620400000|  0%| F|  |TAMS 0x0000000620000000, 0x0000000620000000| Untracked 
| 112|0x0000000620400000, 0x0000000620400000, 0x0000000620800000|  0%| F|  |TAMS 0x0000000620400000, 0x0000000620400000| Untracked 
| 113|0x0000000620800000, 0x0000000620800000, 0x0000000620c00000|  0%| F|  |TAMS 0x0000000620800000, 0x0000000620800000| Untracked 
| 114|0x0000000620c00000, 0x0000000620c00000, 0x0000000621000000|  0%| F|  |TAMS 0x0000000620c00000, 0x0000000620c00000| Untracked 
| 115|0x0000000621000000, 0x0000000621000000, 0x0000000621400000|  0%| F|  |TAMS 0x0000000621000000, 0x0000000621000000| Untracked 
| 116|0x0000000621400000, 0x0000000621400000, 0x0000000621800000|  0%| F|  |TAMS 0x0000000621400000, 0x0000000621400000| Untracked 
| 117|0x0000000621800000, 0x0000000621800000, 0x0000000621c00000|  0%| F|  |TAMS 0x0000000621800000, 0x0000000621800000| Untracked 
| 118|0x0000000621c00000, 0x0000000621c00000, 0x0000000622000000|  0%| F|  |TAMS 0x0000000621c00000, 0x0000000621c00000| Untracked 
| 119|0x0000000622000000, 0x0000000622000000, 0x0000000622400000|  0%| F|  |TAMS 0x0000000622000000, 0x0000000622000000| Untracked 
| 120|0x0000000622400000, 0x0000000622400000, 0x0000000622800000|  0%| F|  |TAMS 0x0000000622400000, 0x0000000622400000| Untracked 
| 121|0x0000000622800000, 0x0000000622800000, 0x0000000622c00000|  0%| F|  |TAMS 0x0000000622800000, 0x0000000622800000| Untracked 
| 122|0x0000000622c00000, 0x0000000622c00000, 0x0000000623000000|  0%| F|  |TAMS 0x0000000622c00000, 0x0000000622c00000| Untracked 
| 123|0x0000000623000000, 0x0000000623000000, 0x0000000623400000|  0%| F|  |TAMS 0x0000000623000000, 0x0000000623000000| Untracked 
| 124|0x0000000623400000, 0x0000000623400000, 0x0000000623800000|  0%| F|  |TAMS 0x0000000623400000, 0x0000000623400000| Untracked 
| 125|0x0000000623800000, 0x00000006238f65c0, 0x0000000623c00000| 24%| E|  |TAMS 0x0000000623800000, 0x0000000623800000| Complete 
| 126|0x0000000623c00000, 0x0000000624000000, 0x0000000624000000|100%| E|CS|TAMS 0x0000000623c00000, 0x0000000623c00000| Complete 

Card table byte_map: [0x00000192bdbe0000,0x00000192bebc0000] _byte_map_base: 0x00000192babbe000

Marking Bits (Prev, Next): (CMBitMap*) 0x00000192a4947f40, (CMBitMap*) 0x00000192a4947f80
 Prev Bits: [0x00000192bfba0000, 0x00000192c7a90000)
 Next Bits: [0x00000192c7a90000, 0x00000192cf980000)

Polling page: 0x00000192a26c0000

Metaspace:

Usage:
  Non-class:    862.15 KB used.
      Class:     58.52 KB used.
       Both:    920.67 KB used.

Virtual space:
  Non-class space:        8.00 MB reserved,     896.00 KB ( 11%) committed,  1 nodes.
      Class space:        1.00 GB reserved,     128.00 KB ( <1%) committed,  1 nodes.
              Both:        1.01 GB reserved,       1.00 MB ( <1%) committed. 

Chunk freelists:
   Non-Class:  3.95 MB
       Class:  3.73 MB
        Both:  7.68 MB

MaxMetaspaceSize: 17179869184.00 GB
CompressedClassSpaceSize: 1.00 GB
 - commit_granule_bytes: 65536.
 - commit_granule_words: 8192.
 - virtual_space_node_default_size: 1048576.
 - enlarge_chunks_in_place: 1.
 - new_chunks_are_fully_committed: 0.
 - uncommit_free_chunks: 1.
 - use_allocation_guard: 0.
 - handle_deallocations: 1.


Internal statistics:

num_allocs_failed_limit: 0.
num_arena_births: 34.
num_arena_deaths: 0.
num_vsnodes_births: 2.
num_vsnodes_deaths: 0.
num_space_committed: 16.
num_space_uncommitted: 0.
num_chunks_returned_to_freelist: 0.
num_chunks_taken_from_freelist: 42.
num_chunk_merges: 0.
num_chunk_splits: 27.
num_chunks_enlarged: 14.
num_purges: 0.

CodeHeap 'non-profiled nmethods': size=119168Kb used=100Kb max_used=100Kb free=119067Kb
 bounds [0x00000192b4e10000, 0x00000192b5080000, 0x00000192bc270000]
CodeHeap 'profiled nmethods': size=119104Kb used=376Kb max_used=376Kb free=118727Kb
 bounds [0x00000192ad9c0000, 0x00000192adc30000, 0x00000192b4e10000]
CodeHeap 'non-nmethods': size=7488Kb used=2832Kb max_used=2842Kb free=4655Kb
 bounds [0x00000192ad270000, 0x00000192ad540000, 0x00000192ad9c0000]
 total_blobs=711 nmethods=297 adapters=324
 compilation: enabled
              stopped_count=0, restarted_count=0
 full_count=0

Compilation events (20 events):
Event: 0.159 Thread 0x00000192d2bc6c80 nmethod 283 0x00000192ada14d10 code [0x00000192ada14f20, 0x00000192ada15608]
Event: 0.159 Thread 0x00000192d2bc6c80  279       3       jdk.internal.org.objectweb.asm.ByteVector::put12 (64 bytes)
Event: 0.159 Thread 0x00000192d2bc2520 nmethod 278 0x00000192ada15810 code [0x00000192ada159e0, 0x00000192ada15f88]
Event: 0.159 Thread 0x00000192d2bc2520  288       3       java.lang.invoke.MethodType::parameterSlotCount (8 bytes)
Event: 0.159 Thread 0x00000192d2bc2520 nmethod 288 0x00000192ada16190 code [0x00000192ada16320, 0x00000192ada16458]
Event: 0.159 Thread 0x00000192d2bc2520  289       3       sun.invoke.util.Wrapper::forPrimitiveType (49 bytes)
Event: 0.159 Thread 0x00000192d2aba9f0 nmethod 287 0x00000192ada16510 code [0x00000192ada166c0, 0x00000192ada169d8]
Event: 0.159 Thread 0x00000192d2bc6c80 nmethod 279 0x00000192ada16b10 code [0x00000192ada16cc0, 0x00000192ada16f08]
Event: 0.159 Thread 0x00000192d2aba9f0  292       3       java.lang.invoke.MethodType$ConcurrentWeakInternSet::add (66 bytes)
Event: 0.159 Thread 0x00000192d2bc6c80  293       3       java.lang.invoke.MethodTypeForm::canonicalize (64 bytes)
Event: 0.159 Thread 0x00000192d2bc6c80 nmethod 293 0x00000192ada17090 code [0x00000192ada17260, 0x00000192ada17588]
Event: 0.160 Thread 0x00000192d2bc6c80  294       3       java.lang.invoke.LambdaForm::parameterType (9 bytes)
Event: 0.160 Thread 0x00000192d2bc6c80 nmethod 294 0x00000192ada17710 code [0x00000192ada178c0, 0x00000192ada17a08]
Event: 0.160 Thread 0x00000192d2bc6c80  295       1       java.lang.invoke.MethodHandles$Lookup::lookupClass (5 bytes)
Event: 0.160 Thread 0x00000192d2bc6c80 nmethod 295 0x00000192b4e29010 code [0x00000192b4e291a0, 0x00000192b4e29278]
Event: 0.161 Thread 0x00000192d2aba9f0 nmethod 292 0x00000192ada1a990 code [0x00000192ada1ac00, 0x00000192ada1ba48]
Event: 0.161 Thread 0x00000192d2bc6c80  297       3       java.lang.String::<init> (15 bytes)
Event: 0.161 Thread 0x00000192d2bc6260 nmethod 280 0x00000192ada17b10 code [0x00000192ada17f40, 0x00000192ada19fd8]
Event: 0.161 Thread 0x00000192d2bc2520 nmethod 289 0x00000192ada1bf10 code [0x00000192ada1c280, 0x00000192ada1d648]
Event: 0.161 Thread 0x00000192d2bc6c80 nmethod 297 0x00000192ada1dd90 code [0x00000192ada1df40, 0x00000192ada1e118]

GC Heap History (0 events):
No events

Deoptimization events (0 events):
No events

Classes unloaded (0 events):
No events

Classes redefined (3 events):
Event: 0.130 Thread 0x00000192d24b0f60 redefined class name=java.io.FileOutputStream, count=1
Event: 0.132 Thread 0x00000192d24b0f60 redefined class name=java.nio.file.Files, count=1
Event: 0.134 Thread 0x00000192d24b0f60 redefined class name=java.io.File, count=1

Internal exceptions (3 events):
Event: 0.142 Thread 0x00000192d2c6a120 Exception <a 'java/lang/NoSuchMethodError'{0x0000000623eea6b0}: 'java.lang.Object java.lang.invoke.DirectMethodHandle$Holder.invokeStatic(java.lang.Object)'> (0x0000000623eea6b0) 
thrown [c:\wsjdk\correttojdksrc\installers\windows\zip\corretto-build\buildroot\src\hotspot\share\interpreter\linkResolver.cpp, line 790]
Event: 0.143 Thread 0x00000192d2c6a120 Exception <a 'java/lang/NoSuchMethodError'{0x0000000623eedfc0}: 'java.lang.Object java.lang.invoke.DirectMethodHandle$Holder.invokeStaticInit(java.lang.Object)'> (0x0000000623eedfc0) 
thrown [c:\wsjdk\correttojdksrc\installers\windows\zip\corretto-build\buildroot\src\hotspot\share\interpreter\linkResolver.cpp, line 790]
Event: 0.158 Thread 0x00000192d2c6a120 Exception <a 'java/lang/NoSuchMethodError'{0x0000000623efbca8}: 'void java.lang.invoke.DirectMethodHandle$Holder.invokeStatic(java.lang.Object, java.lang.Object)'> (0x0000000623efbca8) 
thrown [c:\wsjdk\correttojdksrc\installers\windows\zip\corretto-build\buildroot\src\hotspot\share\interpreter\linkResolver.cpp, line 790]

Events (20 events):
Event: 0.159 loading class java/net/SocksSocketImpl$3
Event: 0.159 loading class java/net/SocksSocketImpl$3 done
Event: 0.159 loading class java/net/ProxySelector
Event: 0.159 loading class java/net/ProxySelector done
Event: 0.160 loading class sun/net/spi/DefaultProxySelector
Event: 0.160 loading class sun/net/spi/DefaultProxySelector done
Event: 0.160 loading class java/net/Proxy
Event: 0.160 loading class java/net/Proxy done
Event: 0.160 loading class java/net/Proxy$Type
Event: 0.160 loading class java/net/Proxy$Type done
Event: 0.161 loading class sun/net/spi/DefaultProxySelector$1
Event: 0.161 loading class sun/net/spi/DefaultProxySelector$1 done
Event: 0.161 Thread 0x00000192a48c3ec0 Thread exited: 0x00000192a48c3ec0
Event: 0.161 loading class sun/net/spi/DefaultProxySelector$NonProxyInfo
Event: 0.161 loading class sun/net/spi/DefaultProxySelector$NonProxyInfo done
Event: 0.162 Thread 0x00000192a48c3ec0 Thread added: 0x00000192a48c3ec0
Event: 0.162 loading class sun/net/spi/DefaultProxySelector$3
Event: 0.162 loading class sun/net/spi/DefaultProxySelector$3 done
Event: 0.162 loading class sun/net/NetHooks
Event: 0.162 Thread 0x00000192a48c3ec0 Thread exited: 0x00000192a48c3ec0


Dynamic libraries:
0x00007ff70a080000 - 0x00007ff70a08d000 	C:\Users\91114302\.jdks\corretto-16.0.2\bin\java.exe
0x00007ffacbbd0000 - 0x00007ffacbde6000 	C:\WINDOWS\SYSTEM32\ntdll.dll
0x00007ffacb910000 - 0x00007ffacb9d4000 	C:\WINDOWS\System32\KERNEL32.DLL
0x00007ffacb560000 - 0x00007ffacb906000 	C:\WINDOWS\System32\KERNELBASE.dll
0x0000000076910000 - 0x000000007694b000 	C:\WINDOWS\System32\cyinjct.dll
0x00007ffacb3f0000 - 0x00007ffacb3fc000 	C:\WINDOWS\System32\ntnativeapi.dll
0x00007ffac3ec0000 - 0x00007ffac3ed8000 	C:\Users\91114302\.jdks\corretto-16.0.2\bin\jli.dll
0x00000192a23f0000 - 0x00000192a259d000 	C:\WINDOWS\System32\USER32.dll
0x00007ffac9170000 - 0x00007ffac9196000 	C:\WINDOWS\System32\win32u.dll
0x00007ffacb110000 - 0x00007ffacb139000 	C:\WINDOWS\System32\GDI32.dll
0x00007ffac9330000 - 0x00007ffac9448000 	C:\WINDOWS\System32\gdi32full.dll
0x00007ffac8df0000 - 0x00007ffac8e8a000 	C:\WINDOWS\System32\msvcp_win.dll
0x00000192a25a0000 - 0x00000192a26b1000 	C:\WINDOWS\System32\ucrtbase.dll
0x00007ffac1870000 - 0x00007ffac1885000 	C:\Users\91114302\.jdks\corretto-16.0.2\bin\VCRUNTIME140.dll
0x00007ffaafd70000 - 0x00007ffab0003000 	C:\WINDOWS\WinSxS\amd64_microsoft.windows.common-controls_6595b64144ccf1df_6.0.22621.3235_none_270f74e173860f98\COMCTL32.dll
0x00007ffacab30000 - 0x00007ffacabd7000 	C:\WINDOWS\System32\msvcrt.dll
0x00007ffacb3d0000 - 0x00007ffacb3ee000 	C:\WINDOWS\System32\cyvera.dll
0x00007ffacb360000 - 0x00007ffacb3cb000 	C:\WINDOWS\System32\cyvrtrap.dll
0x00007ffaca720000 - 0x00007ffaca751000 	C:\WINDOWS\System32\IMM32.DLL
0x00007ffabbaf0000 - 0x00007ffabbb8b000 	C:\Users\91114302\.jdks\corretto-16.0.2\bin\msvcp140.dll
0x00007ffa49910000 - 0x00007ffa4a519000 	C:\Users\91114302\.jdks\corretto-16.0.2\bin\server\jvm.dll
0x00007ffacaa70000 - 0x00007ffacab22000 	C:\WINDOWS\System32\ADVAPI32.dll
0x00007ffaca070000 - 0x00007ffaca118000 	C:\WINDOWS\System32\sechost.dll
0x00007ffac8e90000 - 0x00007ffac8eb8000 	C:\WINDOWS\System32\bcrypt.dll
0x00007ffacb440000 - 0x00007ffacb555000 	C:\WINDOWS\System32\RPCRT4.dll
0x00007ffacabe0000 - 0x00007ffacabe8000 	C:\WINDOWS\System32\PSAPI.DLL
0x00007ffab4d10000 - 0x00007ffab4d19000 	C:\WINDOWS\SYSTEM32\WSOCK32.dll
0x00007ffacb040000 - 0x00007ffacb0b1000 	C:\WINDOWS\System32\WS2_32.dll
0x00007ffabfb30000 - 0x00007ffabfb64000 	C:\WINDOWS\SYSTEM32\WINMM.dll
0x00007ffabe7e0000 - 0x00007ffabe7ea000 	C:\WINDOWS\SYSTEM32\VERSION.dll
0x00007ffac7ee0000 - 0x00007ffac7ef8000 	C:\WINDOWS\SYSTEM32\kernel.appcore.dll
0x00007ffac5cb0000 - 0x00007ffac5cba000 	C:\Users\91114302\.jdks\corretto-16.0.2\bin\jimage.dll
0x00007ffac64a0000 - 0x00007ffac66d3000 	C:\WINDOWS\SYSTEM32\DBGHELP.DLL
0x00007ffacac50000 - 0x00007ffacafd8000 	C:\WINDOWS\System32\combase.dll
0x00007ffac9690000 - 0x00007ffac9767000 	C:\WINDOWS\System32\OLEAUT32.dll
0x00007ffabf4b0000 - 0x00007ffabf4e2000 	C:\WINDOWS\SYSTEM32\dbgcore.DLL
0x00007ffac90f0000 - 0x00007ffac916a000 	C:\WINDOWS\System32\bcryptPrimitives.dll
0x00007ffac5b20000 - 0x00007ffac5b2e000 	C:\Users\91114302\.jdks\corretto-16.0.2\bin\instrument.dll
0x00007ffac1210000 - 0x00007ffac1235000 	C:\Users\91114302\.jdks\corretto-16.0.2\bin\java.dll
0x00007ffacb320000 - 0x00007ffacb357000 	C:\Program Files\Palo Alto Networks\Traps\cyjagent.dll
0x00007ffac9770000 - 0x00007ffac9fcd000 	C:\WINDOWS\System32\SHELL32.dll
0x00007ffac6b20000 - 0x00007ffac7418000 	C:\WINDOWS\SYSTEM32\windows.storage.dll
0x00007ffac69e0000 - 0x00007ffac6b1e000 	C:\WINDOWS\SYSTEM32\wintypes.dll
0x00007ffaca180000 - 0x00007ffaca273000 	C:\WINDOWS\System32\SHCORE.dll
0x00007ffacafe0000 - 0x00007ffacb03e000 	C:\WINDOWS\System32\shlwapi.dll
0x00007ffac8d20000 - 0x00007ffac8d46000 	C:\WINDOWS\SYSTEM32\profapi.dll
0x00007ffac11d0000 - 0x00007ffac11e8000 	C:\Users\91114302\.jdks\corretto-16.0.2\bin\zip.dll
0x00007ffac1710000 - 0x00007ffac1729000 	C:\Users\91114302\.jdks\corretto-16.0.2\bin\net.dll
0x00007ffac1b30000 - 0x00007ffac1c67000 	C:\WINDOWS\SYSTEM32\WINHTTP.dll
0x00007ffac8350000 - 0x00007ffac83b9000 	C:\WINDOWS\system32\mswsock.dll
0x00007ffac11f0000 - 0x00007ffac1203000 	C:\Users\91114302\.jdks\corretto-16.0.2\bin\nio.dll
0x00007ffac11b0000 - 0x00007ffac11ca000 	C:\Program Files\JetBrains\IntelliJ IDEA Community Edition 2023.2.4\bin\breakgen64.dll

dbghelp: loaded successfully - version: 4.0.5 - missing functions: none
symbol engine: initialized successfully - sym options: 0x614 - pdb path: .;C:\Users\91114302\.jdks\corretto-16.0.2\bin;C:\WINDOWS\SYSTEM32;C:\WINDOWS\WinSxS\amd64_microsoft.windows.common-controls_6595b64144ccf1df_6.0.22621.3235_none_270f74e173860f98;C:\Users\91114302\.jdks\corretto-16.0.2\bin\server;C:\Program Files\Palo Alto Networks\Traps;C:\Program Files\JetBrains\IntelliJ IDEA Community Edition 2023.2.4\bin

VM Arguments:
jvm_args: -javaagent:C:\Program Files\JetBrains\IntelliJ IDEA Community Edition 2023.2.4\lib\idea_rt.jar=55454:C:\Program Files\JetBrains\IntelliJ IDEA Community Edition 2023.2.4\bin -Dfile.encoding=UTF-8 -agentpath:C:\Program Files\Palo Alto Networks\Traps\cyjagent.dll 
java_command: Main
java_class_path (initial): C:\Users\91114302\IdeaProjects\Magic101\out\production\Magic101
Launcher Type: SUN_STANDARD

[Global flags]
     intx CICompilerCount                          = 12                                        {product} {ergonomic}
     uint ConcGCThreads                            = 3                                         {product} {ergonomic}
     uint G1ConcRefinementThreads                  = 13                                        {product} {ergonomic}
   size_t G1HeapRegionSize                         = 4194304                                   {product} {ergonomic}
    uintx GCDrainStackTargetSize                   = 64                                        {product} {ergonomic}
   size_t InitialHeapSize                          = 532676608                                 {product} {ergonomic}
   size_t MarkStackSize                            = 4194304                                   {product} {ergonomic}
   size_t MaxHeapSize                              = 8518631424                                {product} {ergonomic}
   size_t MaxNewSize                               = 5108662272                                {product} {ergonomic}
   size_t MinHeapDeltaBytes                        = 4194304                                   {product} {ergonomic}
   size_t MinHeapSize                              = 8388608                                   {product} {ergonomic}
    uintx NonNMethodCodeHeapSize                   = 7602480                                {pd product} {ergonomic}
    uintx NonProfiledCodeHeapSize                  = 122027880                              {pd product} {ergonomic}
    uintx ProfiledCodeHeapSize                     = 122027880                              {pd product} {ergonomic}
    uintx ReservedCodeCacheSize                    = 251658240                              {pd product} {ergonomic}
     bool SegmentedCodeCache                       = true                                      {product} {ergonomic}
   size_t SoftMaxHeapSize                          = 8518631424                             {manageable} {ergonomic}
     bool UseCompressedClassPointers               = true                           {product lp64_product} {ergonomic}
     bool UseCompressedOops                        = true                           {product lp64_product} {ergonomic}
     bool UseG1GC                                  = true                                      {product} {ergonomic}
     bool UseLargePagesIndividualAllocation        = false                                  {pd product} {ergonomic}

Logging:
Log output configuration:
 #0: stdout all=warning uptime,level,tags
 #1: stderr all=off uptime,level,tags

Environment Variables:
PATH=C:\WINDOWS\system32;C:\WINDOWS;C:\WINDOWS\System32\Wbem;C:\WINDOWS\System32\WindowsPowerShell\v1.0\;C:\WINDOWS\System32\OpenSSH\;C:\Users\91114302\AppData\Local\Microsoft\WindowsApps;C:\Users\91114302\AppData\Local\Programs\Git\cmd
USERNAME=91114302
OS=Windows_NT
PROCESSOR_IDENTIFIER=Intel64 Family 6 Model 141 Stepping 1, GenuineIntel



---------------  S Y S T E M  ---------------

OS:
 Windows 10 , 64 bit Build 22621 (10.0.22621.3235)
OS uptime: 1 days 22:43 hours
Hyper-V role detected

CPU: total 16 (initial active 16) (8 cores per cpu, 2 threads per core) family 6 model 141 stepping 1 microcode 0x34, cx8, cmov, fxsr, ht, mmx, 3dnowpref, sse, sse2, sse3, ssse3, sse4.1, sse4.2, popcnt, lzcnt, tsc, tscinvbit, avx, avx2, aes, erms, clmul, bmi1, bmi2, adx, avx512f, avx512dq, avx512cd, avx512bw, avx512vl, sha, fma, vzeroupper, avx512_vpopcntdq, avx512_vpclmulqdq, avx512_vaes, avx512_vnni, clflush, clflushopt, clwb, avx512_vmbi2, avx512_vmbi, hv

Memory: 4k page, system-wide physical 32491M (18615M free)
TotalPageFile size 64235M (AvailPageFile size 48101M)
current process WorkingSet (physical memory assigned to process): 40M, peak: 40M
current process commit charge ("private bytes"): 621M, peak: 622M

vm_info: OpenJDK 64-Bit Server VM (16.0.2+7) for windows-amd64 JRE (16.0.2+7), built on Jul 22 2021 01:11:46 by "Administrator" with MS VC++ 15.9 (VS2017)

END.
